 [LOGGER] 2024-12-07 03:53:34.927 PM error : uncaughtException: Access denied for user ''@'localhost' (using password: YES)
SequelizeAccessDeniedError: Access denied for user ''@'localhost' (using password: YES)
    at ConnectionManager.connect (D:\Repository\Joki\api_careerlink\node_modules\sequelize\lib\dialects\mysql\connection-manager.js:94:17)
    at process.processTicksAndRejections (node:internal/process/task_queues:95:5)
    at async ConnectionManager._connect (D:\Repository\Joki\api_careerlink\node_modules\sequelize\lib\dialects\abstract\connection-manager.js:222:24)
    at async D:\Repository\Joki\api_careerlink\node_modules\sequelize\lib\dialects\abstract\connection-manager.js:174:32
    at async ConnectionManager.getConnection (D:\Repository\Joki\api_careerlink\node_modules\sequelize\lib\dialects\abstract\connection-manager.js:197:7)
    at async D:\Repository\Joki\api_careerlink\node_modules\sequelize\lib\sequelize.js:305:26
    at async MySQLQueryInterface.tableExists (D:\Repository\Joki\api_careerlink\node_modules\sequelize\lib\dialects\abstract\query-interface.js:102:17)
    at async Pengguna.sync (D:\Repository\Joki\api_careerlink\node_modules\sequelize\lib\model.js:939:21)
    at async Sequelize.sync (D:\Repository\Joki\api_careerlink\node_modules\sequelize\lib\sequelize.js:377:9)
    at async file:///D:/Repository/Joki/api_careerlink/src/index.js:28:1
 [LOGGER] 2024-12-07 03:56:29.922 PM error : uncaughtException: Access denied for user ''@'localhost' (using password: YES)
SequelizeAccessDeniedError: Access denied for user ''@'localhost' (using password: YES)
    at ConnectionManager.connect (D:\Repository\Joki\api_careerlink\node_modules\sequelize\lib\dialects\mysql\connection-manager.js:94:17)
    at process.processTicksAndRejections (node:internal/process/task_queues:95:5)
    at async ConnectionManager._connect (D:\Repository\Joki\api_careerlink\node_modules\sequelize\lib\dialects\abstract\connection-manager.js:222:24)
    at async D:\Repository\Joki\api_careerlink\node_modules\sequelize\lib\dialects\abstract\connection-manager.js:174:32
    at async ConnectionManager.getConnection (D:\Repository\Joki\api_careerlink\node_modules\sequelize\lib\dialects\abstract\connection-manager.js:197:7)
    at async D:\Repository\Joki\api_careerlink\node_modules\sequelize\lib\sequelize.js:305:26
    at async MySQLQueryInterface.tableExists (D:\Repository\Joki\api_careerlink\node_modules\sequelize\lib\dialects\abstract\query-interface.js:102:17)
    at async Pengguna.sync (D:\Repository\Joki\api_careerlink\node_modules\sequelize\lib\model.js:939:21)
    at async Sequelize.sync (D:\Repository\Joki\api_careerlink\node_modules\sequelize\lib\sequelize.js:377:9)
    at async file:///D:/Repository/Joki/api_careerlink/src/index.js:28:1
 [LOGGER] 2024-12-07 03:57:53.709 PM error : uncaughtException: Access denied for user ''@'localhost' (using password: YES)
SequelizeAccessDeniedError: Access denied for user ''@'localhost' (using password: YES)
    at ConnectionManager.connect (D:\Repository\Joki\api_careerlink\node_modules\sequelize\lib\dialects\mysql\connection-manager.js:94:17)
    at process.processTicksAndRejections (node:internal/process/task_queues:95:5)
    at async ConnectionManager._connect (D:\Repository\Joki\api_careerlink\node_modules\sequelize\lib\dialects\abstract\connection-manager.js:222:24)
    at async D:\Repository\Joki\api_careerlink\node_modules\sequelize\lib\dialects\abstract\connection-manager.js:174:32
    at async ConnectionManager.getConnection (D:\Repository\Joki\api_careerlink\node_modules\sequelize\lib\dialects\abstract\connection-manager.js:197:7)
    at async D:\Repository\Joki\api_careerlink\node_modules\sequelize\lib\sequelize.js:305:26
    at async MySQLQueryInterface.tableExists (D:\Repository\Joki\api_careerlink\node_modules\sequelize\lib\dialects\abstract\query-interface.js:102:17)
    at async Pengguna.sync (D:\Repository\Joki\api_careerlink\node_modules\sequelize\lib\model.js:939:21)
    at async Sequelize.sync (D:\Repository\Joki\api_careerlink\node_modules\sequelize\lib\sequelize.js:377:9)
    at async file:///D:/Repository/Joki/api_careerlink/src/index.js:28:1
