 [LOGGER] 2024-11-15 02:40:37.064 PM error : uncaughtException: (no error message)
SequelizeConnectionRefusedError
    at ConnectionManager.connect (C:\ptb\api_careerlink\node_modules\sequelize\lib\dialects\mysql\connection-manager.js:92:17)
    at process.processTicksAndRejections (node:internal/process/task_queues:95:5)
    at async ConnectionManager._connect (C:\ptb\api_careerlink\node_modules\sequelize\lib\dialects\abstract\connection-manager.js:222:24)
    at async C:\ptb\api_careerlink\node_modules\sequelize\lib\dialects\abstract\connection-manager.js:174:32
    at async ConnectionManager.getConnection (C:\ptb\api_careerlink\node_modules\sequelize\lib\dialects\abstract\connection-manager.js:197:7)
    at async C:\ptb\api_careerlink\node_modules\sequelize\lib\sequelize.js:305:26
    at async MySQLQueryInterface.tableExists (C:\ptb\api_careerlink\node_modules\sequelize\lib\dialects\abstract\query-interface.js:102:17)
    at async Pengguna.sync (C:\ptb\api_careerlink\node_modules\sequelize\lib\model.js:939:21)
    at async Sequelize.sync (C:\ptb\api_careerlink\node_modules\sequelize\lib\sequelize.js:377:9)
    at async file:///C:/ptb/api_careerlink/src/index.js:28:1
 [LOGGER] 2024-11-15 02:57:36.793 PM error : uncaughtException: magang is not defined
ReferenceError: magang is not defined
    at file:///C:/ptb/api_careerlink/src/routes/index.js:9:43
    at ModuleJob.run (node:internal/modules/esm/module_job:218:25)
    at async ModuleLoader.import (node:internal/modules/esm/loader:323:24)
    at async loadESM (node:internal/process/esm_loader:28:7)
    at async handleMainPromise (node:internal/modules/run_main:120:12)
 [LOGGER] 2024-11-15 03:07:23.567 PM error : controller/magangController.js:getAllMagang - Pengguna is not defined
 [LOGGER] 2024-11-15 03:07:33.153 PM error : controller/magangController.js:getAllMagang - Pengguna is not defined
 [LOGGER] 2024-11-15 03:07:45.853 PM error : controller/magangController.js:getAllMagang - Pengguna is not defined
 [LOGGER] 2024-11-15 03:08:32.279 PM error : controller/magangController.js:getAllMagang - Pengguna is not defined
 [LOGGER] 2024-11-15 03:09:40.961 PM error : controller/magangController.js:getAllMagang - Pengguna is not defined
 [LOGGER] 2024-11-15 03:09:42.998 PM error : controller/magangController.js:getAllMagang - Pengguna is not defined
 [LOGGER] 2024-11-15 03:10:06.998 PM error : controller/magangController.js:getAllMagang - Pengguna is not defined
 [LOGGER] 2024-11-15 07:24:05.524 PM error : controller/magangController.js:createMagang - notNull Violation: Magang.tanggal_posting cannot be null
 [LOGGER] 2024-11-15 07:26:45.455 PM error : uncaughtException: Too many keys specified; max 64 keys allowed
Error
    at Query.run (C:\ptb\api_careerlink\node_modules\sequelize\lib\dialects\mysql\query.js:52:25)
    at C:\ptb\api_careerlink\node_modules\sequelize\lib\sequelize.js:315:28
    at process.processTicksAndRejections (node:internal/process/task_queues:95:5)
    at async Pengguna.sync (C:\ptb\api_careerlink\node_modules\sequelize\lib\model.js:984:11)
    at async Sequelize.sync (C:\ptb\api_careerlink\node_modules\sequelize\lib\sequelize.js:377:9)
    at async file:///C:/ptb/api_careerlink/src/index.js:28:1
 [LOGGER] 2024-11-15 07:26:49.068 PM error : uncaughtException: Too many keys specified; max 64 keys allowed
Error
    at Query.run (C:\ptb\api_careerlink\node_modules\sequelize\lib\dialects\mysql\query.js:52:25)
    at C:\ptb\api_careerlink\node_modules\sequelize\lib\sequelize.js:315:28
    at process.processTicksAndRejections (node:internal/process/task_queues:95:5)
    at async Pengguna.sync (C:\ptb\api_careerlink\node_modules\sequelize\lib\model.js:984:11)
    at async Sequelize.sync (C:\ptb\api_careerlink\node_modules\sequelize\lib\sequelize.js:377:9)
    at async file:///C:/ptb/api_careerlink/src/index.js:28:1
 [LOGGER] 2024-11-15 07:27:02.167 PM error : uncaughtException: Too many keys specified; max 64 keys allowed
Error
    at Query.run (C:\ptb\api_careerlink\node_modules\sequelize\lib\dialects\mysql\query.js:52:25)
    at C:\ptb\api_careerlink\node_modules\sequelize\lib\sequelize.js:315:28
    at process.processTicksAndRejections (node:internal/process/task_queues:95:5)
    at async Pengguna.sync (C:\ptb\api_careerlink\node_modules\sequelize\lib\model.js:984:11)
    at async Sequelize.sync (C:\ptb\api_careerlink\node_modules\sequelize\lib\sequelize.js:377:9)
    at async file:///C:/ptb/api_careerlink/src/index.js:28:1
 [LOGGER] 2024-11-15 07:28:08.006 PM error : uncaughtException: Too many keys specified; max 64 keys allowed
Error
    at Query.run (C:\ptb\api_careerlink\node_modules\sequelize\lib\dialects\mysql\query.js:52:25)
    at C:\ptb\api_careerlink\node_modules\sequelize\lib\sequelize.js:315:28
    at process.processTicksAndRejections (node:internal/process/task_queues:95:5)
    at async Pengguna.sync (C:\ptb\api_careerlink\node_modules\sequelize\lib\model.js:984:11)
    at async Sequelize.sync (C:\ptb\api_careerlink\node_modules\sequelize\lib\sequelize.js:377:9)
    at async file:///C:/ptb/api_careerlink/src/index.js:28:1
 [LOGGER] 2024-11-15 07:28:20.886 PM error : uncaughtException: Too many keys specified; max 64 keys allowed
Error
    at Query.run (C:\ptb\api_careerlink\node_modules\sequelize\lib\dialects\mysql\query.js:52:25)
    at C:\ptb\api_careerlink\node_modules\sequelize\lib\sequelize.js:315:28
    at process.processTicksAndRejections (node:internal/process/task_queues:95:5)
    at async Pengguna.sync (C:\ptb\api_careerlink\node_modules\sequelize\lib\model.js:984:11)
    at async Sequelize.sync (C:\ptb\api_careerlink\node_modules\sequelize\lib\sequelize.js:377:9)
    at async file:///C:/ptb/api_careerlink/src/index.js:28:1
 [LOGGER] 2024-11-15 07:28:43.750 PM error : uncaughtException: Too many keys specified; max 64 keys allowed
Error
    at Query.run (C:\ptb\api_careerlink\node_modules\sequelize\lib\dialects\mysql\query.js:52:25)
    at C:\ptb\api_careerlink\node_modules\sequelize\lib\sequelize.js:315:28
    at process.processTicksAndRejections (node:internal/process/task_queues:95:5)
    at async Pengguna.sync (C:\ptb\api_careerlink\node_modules\sequelize\lib\model.js:984:11)
    at async Sequelize.sync (C:\ptb\api_careerlink\node_modules\sequelize\lib\sequelize.js:377:9)
    at async file:///C:/ptb/api_careerlink/src/index.js:28:1
 [LOGGER] 2024-11-15 07:33:27.155 PM error : uncaughtException: tambahMagang is not defined
ReferenceError: tambahMagang is not defined
    at file:///C:/ptb/api_careerlink/src/routes/magangRoute.js:14:43
    at ModuleJob.run (node:internal/modules/esm/module_job:218:25)
    at async ModuleLoader.import (node:internal/modules/esm/loader:323:24)
    at async loadESM (node:internal/process/esm_loader:28:7)
    at async handleMainPromise (node:internal/modules/run_main:120:12)
 [LOGGER] 2024-11-15 08:03:48.637 PM error : uncaughtException: upda is not defined
ReferenceError: upda is not defined
    at file:///C:/ptb/api_careerlink/src/routes/magangRoute.js:30:5
    at ModuleJob.run (node:internal/modules/esm/module_job:218:25)
    at async ModuleLoader.import (node:internal/modules/esm/loader:323:24)
    at async loadESM (node:internal/process/esm_loader:28:7)
    at async handleMainPromise (node:internal/modules/run_main:120:12)
 [LOGGER] 2024-11-15 08:04:08.121 PM error : uncaughtException: upda is not defined
ReferenceError: upda is not defined
    at file:///C:/ptb/api_careerlink/src/routes/magangRoute.js:30:5
    at ModuleJob.run (node:internal/modules/esm/module_job:218:25)
    at async ModuleLoader.import (node:internal/modules/esm/loader:323:24)
    at async loadESM (node:internal/process/esm_loader:28:7)
    at async handleMainPromise (node:internal/modules/run_main:120:12)
 [LOGGER] 2024-11-15 08:09:09.107 PM error : controller/magangController.js:updateMagang - Unknown column 'id' in 'where clause'
 [LOGGER] 2024-11-15 08:18:25.229 PM error : uncaughtException: router is not defined
ReferenceError: router is not defined
    at file:///C:/ptb/api_careerlink/src/routes/magangRoute.js:34:1
    at ModuleJob.run (node:internal/modules/esm/module_job:218:25)
    at async ModuleLoader.import (node:internal/modules/esm/loader:323:24)
    at async loadESM (node:internal/process/esm_loader:28:7)
    at async handleMainPromise (node:internal/modules/run_main:120:12)
 [LOGGER] 2024-11-15 08:21:33.491 PM error : controller/magangController.js:deleteMagang - fs is not defined
 [LOGGER] 2024-11-15 08:40:17.327 PM error : uncaughtException: Operation timeout
SequelizeConnectionAcquireTimeoutError: Operation timeout
    at ConnectionManager.getConnection (C:\ptb\api_careerlink\node_modules\sequelize\lib\dialects\abstract\connection-manager.js:206:15)
    at async Transaction.prepareEnvironment (C:\ptb\api_careerlink\node_modules\sequelize\lib\transaction.js:85:24)
    at async Sequelize.transaction (C:\ptb\api_careerlink\node_modules\sequelize\lib\sequelize.js:500:7)
    at async createMagang (file:///C:/ptb/api_careerlink/src/controller/magangController.js:9:13)
 [LOGGER] 2024-11-15 09:04:34.465 PM error : controller/magangController.js:updateMagang - Operation timeout
 [LOGGER] 2024-11-15 09:33:00.643 PM error : uncaughtException: aut is not defined
ReferenceError: aut is not defined
    at file:///C:/ptb/api_careerlink/src/routes/magangRoute.js:45:5
    at ModuleJob.run (node:internal/modules/esm/module_job:218:25)
    at async ModuleLoader.import (node:internal/modules/esm/loader:323:24)
    at async loadESM (node:internal/process/esm_loader:28:7)
    at async handleMainPromise (node:internal/modules/run_main:120:12)
 [LOGGER] 2024-11-15 09:33:11.638 PM error : uncaughtException: maga is not defined
ReferenceError: maga is not defined
    at file:///C:/ptb/api_careerlink/src/routes/magangRoute.js:45:5
    at ModuleJob.run (node:internal/modules/esm/module_job:218:25)
    at async ModuleLoader.import (node:internal/modules/esm/loader:323:24)
    at async loadESM (node:internal/process/esm_loader:28:7)
    at async handleMainPromise (node:internal/modules/run_main:120:12)
 [LOGGER] 2024-11-15 09:33:27.305 PM error : uncaughtException: maga is not defined
ReferenceError: maga is not defined
    at file:///C:/ptb/api_careerlink/src/routes/magangRoute.js:45:5
    at ModuleJob.run (node:internal/modules/esm/module_job:218:25)
    at async ModuleLoader.import (node:internal/modules/esm/loader:323:24)
    at async loadESM (node:internal/process/esm_loader:28:7)
    at async handleMainPromise (node:internal/modules/run_main:120:12)
